<?xml version="1.0" encoding="UTF-8"?>
<!-- Generated by org.testng.reporters.JUnitReportReporter -->
<testsuite skipped="0" hostname="DESKTOP-LSDBN7E" name="com.test.TC1.BaseClass" tests="1" failures="0" timestamp="2020-05-10T16:57:14 IST" time="46.550" errors="0">
  <testcase name="baseSetup" time="46.550" classname="com.test.TC1.BaseClass"/>
  <system-out/>
</testsuite> <!-- com.test.TC1.BaseClass -->
