<?xml version="1.0" encoding="UTF-8"?>
<!-- Generated by org.testng.reporters.JUnitReportReporter -->
<testsuite skipped="0" hostname="DESKTOP-LSDBN7E" name="com.test.TC1.Demo" tests="1" failures="0" timestamp="2020-05-10T13:55:10 IST" time="0.010" errors="0">
  <testcase name="test" time="0.010" classname="com.test.TC1.Demo"/>
  <system-out/>
</testsuite> <!-- com.test.TC1.Demo -->
